[24-Oct-2015 14:31:04] NOTICE: [pool www] 'user' directive is ignored when FPM is not running as root
[24-Oct-2015 14:31:04] NOTICE: [pool www] 'group' directive is ignored when FPM is not running as root
[24-Oct-2015 14:31:04] NOTICE: fpm is running, pid 29418
[24-Oct-2015 14:31:04] NOTICE: ready to handle connections
[24-Oct-2015 14:35:11] NOTICE: Finishing ...
[24-Oct-2015 14:35:11] NOTICE: exiting, bye-bye!
[24-Oct-2015 14:35:12] NOTICE: [pool www] 'user' directive is ignored when FPM is not running as root
[24-Oct-2015 14:35:12] NOTICE: [pool www] 'group' directive is ignored when FPM is not running as root
[24-Oct-2015 14:35:12] NOTICE: fpm is running, pid 40159
[24-Oct-2015 14:35:12] NOTICE: ready to handle connections
[24-Oct-2015 14:36:20] NOTICE: Reloading in progress ...
[24-Oct-2015 14:36:20] NOTICE: reloading: execvp("/home/users/zhangwenhan01/www/local/php56/sbin/php-fpm", {"/home/users/zhangwenhan01/www/local/php56/sbin/php-fpm", "--daemonize", "--fpm-config", "/home/users/zhangwenhan01/www/local/php56/etc/php-fpm.conf", "--pid", "/home/users/zhangwenhan01/www/local/php56/var/run/php-fpm.pid"})
[24-Oct-2015 14:36:20] NOTICE: [pool www] 'user' directive is ignored when FPM is not running as root
[24-Oct-2015 14:36:20] NOTICE: [pool www] 'user' directive is ignored when FPM is not running as root
[24-Oct-2015 14:36:20] NOTICE: [pool www] 'group' directive is ignored when FPM is not running as root
[24-Oct-2015 14:36:20] NOTICE: [pool www] 'group' directive is ignored when FPM is not running as root
[24-Oct-2015 14:36:20] NOTICE: using inherited socket fd=7, "127.0.0.1:8111"
[24-Oct-2015 14:36:20] NOTICE: using inherited socket fd=7, "127.0.0.1:8111"
[24-Oct-2015 14:36:20] NOTICE: fpm is running, pid 42880
[24-Oct-2015 14:36:20] NOTICE: ready to handle connections
[24-Oct-2015 14:37:31] NOTICE: Finishing ...
[24-Oct-2015 14:37:31] NOTICE: exiting, bye-bye!
[24-Oct-2015 14:37:32] NOTICE: [pool www] 'user' directive is ignored when FPM is not running as root
[24-Oct-2015 14:37:32] NOTICE: [pool www] 'group' directive is ignored when FPM is not running as root
[24-Oct-2015 14:37:32] NOTICE: fpm is running, pid 46209
[24-Oct-2015 14:37:32] NOTICE: ready to handle connections
[24-Oct-2015 14:39:16] NOTICE: Finishing ...
[24-Oct-2015 14:39:16] NOTICE: exiting, bye-bye!
[24-Oct-2015 14:39:17] NOTICE: [pool www] 'user' directive is ignored when FPM is not running as root
[24-Oct-2015 14:39:17] NOTICE: [pool www] 'group' directive is ignored when FPM is not running as root
[24-Oct-2015 14:39:17] NOTICE: fpm is running, pid 52385
[24-Oct-2015 14:39:17] NOTICE: ready to handle connections
[24-Oct-2015 14:41:30] NOTICE: Finishing ...
[24-Oct-2015 14:41:30] NOTICE: exiting, bye-bye!
[24-Oct-2015 14:41:31] NOTICE: [pool www] 'user' directive is ignored when FPM is not running as root
[24-Oct-2015 14:41:31] NOTICE: [pool www] 'group' directive is ignored when FPM is not running as root
[24-Oct-2015 14:41:31] NOTICE: fpm is running, pid 58900
[24-Oct-2015 14:41:31] NOTICE: ready to handle connections
[24-Oct-2015 14:48:15] NOTICE: Finishing ...
[24-Oct-2015 14:48:15] NOTICE: exiting, bye-bye!
[24-Oct-2015 14:48:16] NOTICE: [pool www] 'user' directive is ignored when FPM is not running as root
[24-Oct-2015 14:48:16] NOTICE: [pool www] 'group' directive is ignored when FPM is not running as root
[24-Oct-2015 14:48:16] NOTICE: fpm is running, pid 16914
[24-Oct-2015 14:48:16] NOTICE: ready to handle connections
[24-Oct-2015 14:57:49] NOTICE: Finishing ...
[24-Oct-2015 14:57:49] NOTICE: exiting, bye-bye!
[24-Oct-2015 14:57:50] NOTICE: [pool www] 'user' directive is ignored when FPM is not running as root
[24-Oct-2015 14:57:50] NOTICE: [pool www] 'group' directive is ignored when FPM is not running as root
[24-Oct-2015 14:57:50] NOTICE: fpm is running, pid 57708
[24-Oct-2015 14:57:50] NOTICE: ready to handle connections
[24-Oct-2015 15:12:15] NOTICE: Finishing ...
[24-Oct-2015 15:12:15] NOTICE: exiting, bye-bye!
[24-Oct-2015 15:12:16] NOTICE: [pool www] 'user' directive is ignored when FPM is not running as root
[24-Oct-2015 15:12:16] NOTICE: [pool www] 'group' directive is ignored when FPM is not running as root
[24-Oct-2015 15:12:16] NOTICE: fpm is running, pid 48360
[24-Oct-2015 15:12:16] NOTICE: ready to handle connections
[24-Oct-2015 15:30:27] NOTICE: Finishing ...
[24-Oct-2015 15:30:27] NOTICE: exiting, bye-bye!
[24-Oct-2015 15:30:28] NOTICE: [pool www] 'user' directive is ignored when FPM is not running as root
[24-Oct-2015 15:30:28] NOTICE: [pool www] 'group' directive is ignored when FPM is not running as root
[24-Oct-2015 15:30:28] NOTICE: fpm is running, pid 43734
[24-Oct-2015 15:30:28] NOTICE: ready to handle connections
