This file contains any messages produced by compilers while
running configure, to aid debugging if configure makes a mistake.

It was created by configure, which was
generated by GNU Autoconf 2.69.  Invocation command line was

  $ ./configure --with-php-config=/home/users/zhangwenhan01/www/local/php56/bin/php-config --with-libmemcached-dir=/home/users/zhangwenhan01/www/local/libmemcached --enable-memcached

## --------- ##
## Platform. ##
## --------- ##

hostname = cp01-rdqa04-dev118.cp01.baidu.com
uname -m = x86_64
uname -r = 2.6.32_1-17-0-0
uname -s = Linux
uname -v = #1 SMP Mon Aug 24 11:14:27 CST 2015

/usr/bin/uname -p = unknown
/bin/uname -X     = unknown

/bin/arch              = x86_64
/usr/bin/arch -k       = unknown
/usr/convex/getsysinfo = unknown
/usr/bin/hostinfo      = unknown
/bin/machine           = unknown
/usr/bin/oslevel       = unknown
/bin/universe          = unknown

PATH: /home/users/zhangwenhan01/.jumbo/bin/core_perl
PATH: /home/users/zhangwenhan01/.jumbo/bin
PATH: /home/tools/tools/svn/1.6.5/64/bin
PATH: /home/tools/tools/scmtools/usr/bin
PATH: /home/tools/tools/../bin/64/
PATH: /home/tools/tools/maven/apache-maven-2.2.0/bin
PATH: /home/tools/tools/ant/apache-ant-1.6.5/bin
PATH: /home/tools/tools/ant/apache-ant-1.7.1/bin
PATH: /home/tools/tools/php/5.2.17/64/bin
PATH: /usr/kerberos/bin
PATH: /usr/local/bin
PATH: /bin
PATH: /usr/bin
PATH: /usr/X11R6/bin
PATH: /opt/bin
PATH: /home/opt/bin
PATH: /home/users/zhangwenhan01/.jumbo/bin/vendor_perl
PATH: /home/users/zhangwenhan01/system/bin


## ----------- ##
## Core tests. ##
## ----------- ##

configure:2313: checking for grep that handles long lines and -e
configure:2371: result: /bin/grep
configure:2376: checking for egrep
configure:2438: result: /bin/grep -E
configure:2443: checking for a sed that does not truncate output
configure:2497: result: /bin/sed
configure:2629: checking for cc
configure:2645: found /usr/bin/cc
configure:2656: result: cc
configure:2687: checking for C compiler version
configure:2696: cc --version >&5
cc (GCC) 3.4.5 20051201 (Red Hat 3.4.5-2)
Copyright (C) 2004 Free Software Foundation, Inc.
This is free software; see the source for copying conditions.  There is NO
warranty; not even for MERCHANTABILITY or FITNESS FOR A PARTICULAR PURPOSE.

configure:2707: $? = 0
configure:2696: cc -v >&5
Reading specs from /usr/lib/gcc/x86_64-redhat-linux/3.4.5/specs
Configured with: ../configure --prefix=/usr --mandir=/usr/share/man --infodir=/usr/share/info --enable-shared --enable-threads=posix --disable-checking --with-system-zlib --enable-__cxa_atexit --disable-libunwind-exceptions --enable-java-awt=gtk --host=x86_64-redhat-linux
Thread model: posix
gcc version 3.4.5 20051201 (Red Hat 3.4.5-2)
configure:2707: $? = 0
configure:2696: cc -V >&5
cc: `-V' option must have argument
configure:2707: $? = 1
configure:2696: cc -qversion >&5
cc: unrecognized option `-qversion'
cc: no input files
configure:2707: $? = 1
configure:2727: checking whether the C compiler works
configure:2749: cc    conftest.c  >&5
configure:2753: $? = 0
configure:2801: result: yes
configure:2804: checking for C compiler default output file name
configure:2806: result: a.out
configure:2812: checking for suffix of executables
configure:2819: cc -o conftest    conftest.c  >&5
configure:2823: $? = 0
configure:2845: result: 
configure:2867: checking whether we are cross compiling
configure:2875: cc -o conftest    conftest.c  >&5
configure:2879: $? = 0
configure:2886: ./conftest
configure:2890: $? = 0
configure:2905: result: no
configure:2910: checking for suffix of object files
configure:2932: cc -c   conftest.c >&5
configure:2936: $? = 0
configure:2957: result: o
configure:2961: checking whether we are using the GNU C compiler
configure:2980: cc -c   conftest.c >&5
configure:2980: $? = 0
configure:2989: result: yes
configure:2998: checking whether cc accepts -g
configure:3018: cc -c -g  conftest.c >&5
configure:3018: $? = 0
configure:3059: result: yes
configure:3076: checking for cc option to accept ISO C89
configure:3139: cc  -c -g -O2  conftest.c >&5
configure:3139: $? = 0
configure:3152: result: none needed
configure:3178: checking how to run the C preprocessor
configure:3209: cc -E  conftest.c
configure:3209: $? = 0
configure:3223: cc -E  conftest.c
conftest.c:9:28: ac_nonexistent.h: No such file or directory
configure:3223: $? = 1
configure: failed program was:
| /* confdefs.h */
| #define PACKAGE_NAME ""
| #define PACKAGE_TARNAME ""
| #define PACKAGE_VERSION ""
| #define PACKAGE_STRING ""
| #define PACKAGE_BUGREPORT ""
| #define PACKAGE_URL ""
| /* end confdefs.h.  */
| #include <ac_nonexistent.h>
configure:3248: result: cc -E
configure:3268: cc -E  conftest.c
configure:3268: $? = 0
configure:3282: cc -E  conftest.c
conftest.c:9:28: ac_nonexistent.h: No such file or directory
configure:3282: $? = 1
configure: failed program was:
| /* confdefs.h */
| #define PACKAGE_NAME ""
| #define PACKAGE_TARNAME ""
| #define PACKAGE_VERSION ""
| #define PACKAGE_STRING ""
| #define PACKAGE_BUGREPORT ""
| #define PACKAGE_URL ""
| /* end confdefs.h.  */
| #include <ac_nonexistent.h>
configure:3313: checking for icc
configure:3322: result: no
configure:3336: checking for suncc
configure:3345: result: no
configure:3363: checking whether cc understands -c and -o together
configure:3391: cc -c conftest.c -o conftest2.o >&5
configure:3395: $? = 0
configure:3401: cc -c conftest.c -o conftest2.o >&5
configure:3405: $? = 0
configure:3460: result: yes
configure:3474: checking for system library directory
configure:3489: result: lib
configure:3496: checking if compiler supports -R
configure:3515: cc -o conftest -g -O2   conftest.c -R /usr/lib  >&5
cc: unrecognized option `-R'
/usr/lib: file not recognized: Is a directory
collect2: ld returned 1 exit status
configure:3515: $? = 1
configure: failed program was:
| /* confdefs.h */
| #define PACKAGE_NAME ""
| #define PACKAGE_TARNAME ""
| #define PACKAGE_VERSION ""
| #define PACKAGE_STRING ""
| #define PACKAGE_BUGREPORT ""
| #define PACKAGE_URL ""
| /* end confdefs.h.  */
| 
| int
| main ()
| {
| 
|   ;
|   return 0;
| }
configure:3525: result: no
configure:3530: checking if compiler supports -Wl,-rpath,
configure:3549: cc -o conftest -g -O2   conftest.c -Wl,-rpath,/usr/lib  >&5
configure:3549: $? = 0
configure:3559: result: yes
configure:3604: checking build system type
configure:3618: result: x86_64-unknown-linux-gnu
configure:3638: checking host system type
configure:3651: result: x86_64-unknown-linux-gnu
configure:3671: checking target system type
configure:3684: result: x86_64-unknown-linux-gnu
configure:3787: checking for PHP prefix
configure:3789: result: /home/users/zhangwenhan01/www/local/php56
configure:3791: checking for PHP includes
configure:3793: result: -I/home/users/zhangwenhan01/www/local/php56/include/php -I/home/users/zhangwenhan01/www/local/php56/include/php/main -I/home/users/zhangwenhan01/www/local/php56/include/php/TSRM -I/home/users/zhangwenhan01/www/local/php56/include/php/Zend -I/home/users/zhangwenhan01/www/local/php56/include/php/ext -I/home/users/zhangwenhan01/www/local/php56/include/php/ext/date/lib
configure:3795: checking for PHP extension directory
configure:3797: result: /home/users/zhangwenhan01/www/local/php56/lib/php/extensions/no-debug-non-zts-20131226
configure:3799: checking for PHP installed headers prefix
configure:3801: result: /home/users/zhangwenhan01/www/local/php56/include/php
configure:3804: checking if debug is enabled
configure:3830: result: no
configure:3833: checking if zts is enabled
configure:3859: result: no
configure:3930: checking for re2c
configure:3960: result: no
configure:3985: WARNING: You will need re2c 0.13.4 or later if you want to regenerate PHP parsers.
configure:3999: checking for gawk
configure:4016: found /bin/gawk
configure:4027: result: gawk
configure:4071: checking whether to enable memcached support
configure:4110: result: yes, shared
configure:4119: checking for libmemcached
configure:4159: result: yes, shared
configure:4168: checking whether to enable memcached session handler support
configure:4182: result: yes
configure:4191: checking whether to enable memcached igbinary serializer support
configure:4205: result: no
configure:4214: checking whether to enable memcached json serializer support
configure:4228: result: no
configure:4237: checking whether to enable memcached msgpack serializer support
configure:4251: result: no
configure:4260: checking whether to enable memcached sasl support
configure:4274: result: yes
configure:4283: checking whether to enable memcached protocol support
configure:4297: result: no
configure:4307: checking for ZLIB
configure:4347: result: yes, shared
configure:4371: checking for pkg-config
configure:4389: found /home/users/zhangwenhan01/.jumbo/bin/pkg-config
configure:4402: result: /home/users/zhangwenhan01/.jumbo/bin/pkg-config
configure:4438: checking for zlib location
configure:4441: result: /usr
configure:4576: checking for session includes
configure:4597: result: /home/users/zhangwenhan01/www/local/php56/include/php
configure:4739: checking for memcached session support
configure:4742: result: enabled
configure:4775: checking for memcached igbinary support
configure:4807: result: disabled
configure:4811: checking for memcached msgpack support
configure:4843: result: disabled
configure:4847: checking for libmemcached location
configure:4867: result: found version 0.42, under /home/users/zhangwenhan01/www/local/libmemcached
configure:5009: checking whether to enable sasl support
configure:5012: result: yes
configure:5014: checking for ANSI C header files
configure:5034: cc -c -g -O2 -I/home/users/zhangwenhan01/www/local/php56/include/php -I/home/users/zhangwenhan01/www/local/php56/include/php/main -I/home/users/zhangwenhan01/www/local/php56/include/php/TSRM -I/home/users/zhangwenhan01/www/local/php56/include/php/Zend -I/home/users/zhangwenhan01/www/local/php56/include/php/ext -I/home/users/zhangwenhan01/www/local/php56/include/php/ext/date/lib -I/home/users/zhangwenhan01/www/local/libmemcached/include  conftest.c >&5
configure:5034: $? = 0
configure:5107: cc -o conftest -g -O2 -I/home/users/zhangwenhan01/www/local/php56/include/php -I/home/users/zhangwenhan01/www/local/php56/include/php/main -I/home/users/zhangwenhan01/www/local/php56/include/php/TSRM -I/home/users/zhangwenhan01/www/local/php56/include/php/Zend -I/home/users/zhangwenhan01/www/local/php56/include/php/ext -I/home/users/zhangwenhan01/www/local/php56/include/php/ext/date/lib -I/home/users/zhangwenhan01/www/local/libmemcached/include   conftest.c  >&5
configure:5107: $? = 0
configure:5107: ./conftest
configure:5107: $? = 0
configure:5118: result: yes
configure:5131: checking for sys/types.h
configure:5131: cc -c -g -O2 -I/home/users/zhangwenhan01/www/local/php56/include/php -I/home/users/zhangwenhan01/www/local/php56/include/php/main -I/home/users/zhangwenhan01/www/local/php56/include/php/TSRM -I/home/users/zhangwenhan01/www/local/php56/include/php/Zend -I/home/users/zhangwenhan01/www/local/php56/include/php/ext -I/home/users/zhangwenhan01/www/local/php56/include/php/ext/date/lib -I/home/users/zhangwenhan01/www/local/libmemcached/include  conftest.c >&5
configure:5131: $? = 0
configure:5131: result: yes
configure:5131: checking for sys/stat.h
configure:5131: cc -c -g -O2 -I/home/users/zhangwenhan01/www/local/php56/include/php -I/home/users/zhangwenhan01/www/local/php56/include/php/main -I/home/users/zhangwenhan01/www/local/php56/include/php/TSRM -I/home/users/zhangwenhan01/www/local/php56/include/php/Zend -I/home/users/zhangwenhan01/www/local/php56/include/php/ext -I/home/users/zhangwenhan01/www/local/php56/include/php/ext/date/lib -I/home/users/zhangwenhan01/www/local/libmemcached/include  conftest.c >&5
configure:5131: $? = 0
configure:5131: result: yes
configure:5131: checking for stdlib.h
configure:5131: cc -c -g -O2 -I/home/users/zhangwenhan01/www/local/php56/include/php -I/home/users/zhangwenhan01/www/local/php56/include/php/main -I/home/users/zhangwenhan01/www/local/php56/include/php/TSRM -I/home/users/zhangwenhan01/www/local/php56/include/php/Zend -I/home/users/zhangwenhan01/www/local/php56/include/php/ext -I/home/users/zhangwenhan01/www/local/php56/include/php/ext/date/lib -I/home/users/zhangwenhan01/www/local/libmemcached/include  conftest.c >&5
configure:5131: $? = 0
configure:5131: result: yes
configure:5131: checking for string.h
configure:5131: cc -c -g -O2 -I/home/users/zhangwenhan01/www/local/php56/include/php -I/home/users/zhangwenhan01/www/local/php56/include/php/main -I/home/users/zhangwenhan01/www/local/php56/include/php/TSRM -I/home/users/zhangwenhan01/www/local/php56/include/php/Zend -I/home/users/zhangwenhan01/www/local/php56/include/php/ext -I/home/users/zhangwenhan01/www/local/php56/include/php/ext/date/lib -I/home/users/zhangwenhan01/www/local/libmemcached/include  conftest.c >&5
configure:5131: $? = 0
configure:5131: result: yes
configure:5131: checking for memory.h
configure:5131: cc -c -g -O2 -I/home/users/zhangwenhan01/www/local/php56/include/php -I/home/users/zhangwenhan01/www/local/php56/include/php/main -I/home/users/zhangwenhan01/www/local/php56/include/php/TSRM -I/home/users/zhangwenhan01/www/local/php56/include/php/Zend -I/home/users/zhangwenhan01/www/local/php56/include/php/ext -I/home/users/zhangwenhan01/www/local/php56/include/php/ext/date/lib -I/home/users/zhangwenhan01/www/local/libmemcached/include  conftest.c >&5
configure:5131: $? = 0
configure:5131: result: yes
configure:5131: checking for strings.h
configure:5131: cc -c -g -O2 -I/home/users/zhangwenhan01/www/local/php56/include/php -I/home/users/zhangwenhan01/www/local/php56/include/php/main -I/home/users/zhangwenhan01/www/local/php56/include/php/TSRM -I/home/users/zhangwenhan01/www/local/php56/include/php/Zend -I/home/users/zhangwenhan01/www/local/php56/include/php/ext -I/home/users/zhangwenhan01/www/local/php56/include/php/ext/date/lib -I/home/users/zhangwenhan01/www/local/libmemcached/include  conftest.c >&5
configure:5131: $? = 0
configure:5131: result: yes
configure:5131: checking for inttypes.h
configure:5131: cc -c -g -O2 -I/home/users/zhangwenhan01/www/local/php56/include/php -I/home/users/zhangwenhan01/www/local/php56/include/php/main -I/home/users/zhangwenhan01/www/local/php56/include/php/TSRM -I/home/users/zhangwenhan01/www/local/php56/include/php/Zend -I/home/users/zhangwenhan01/www/local/php56/include/php/ext -I/home/users/zhangwenhan01/www/local/php56/include/php/ext/date/lib -I/home/users/zhangwenhan01/www/local/libmemcached/include  conftest.c >&5
configure:5131: $? = 0
configure:5131: result: yes
configure:5131: checking for stdint.h
configure:5131: cc -c -g -O2 -I/home/users/zhangwenhan01/www/local/php56/include/php -I/home/users/zhangwenhan01/www/local/php56/include/php/main -I/home/users/zhangwenhan01/www/local/php56/include/php/TSRM -I/home/users/zhangwenhan01/www/local/php56/include/php/Zend -I/home/users/zhangwenhan01/www/local/php56/include/php/ext -I/home/users/zhangwenhan01/www/local/php56/include/php/ext/date/lib -I/home/users/zhangwenhan01/www/local/libmemcached/include  conftest.c >&5
configure:5131: $? = 0
configure:5131: result: yes
configure:5131: checking for unistd.h
configure:5131: cc -c -g -O2 -I/home/users/zhangwenhan01/www/local/php56/include/php -I/home/users/zhangwenhan01/www/local/php56/include/php/main -I/home/users/zhangwenhan01/www/local/php56/include/php/TSRM -I/home/users/zhangwenhan01/www/local/php56/include/php/Zend -I/home/users/zhangwenhan01/www/local/php56/include/php/ext -I/home/users/zhangwenhan01/www/local/php56/include/php/ext/date/lib -I/home/users/zhangwenhan01/www/local/libmemcached/include  conftest.c >&5
configure:5131: $? = 0
configure:5131: result: yes
configure:5145: checking sasl/sasl.h usability
configure:5145: cc -c -g -O2 -I/home/users/zhangwenhan01/www/local/php56/include/php -I/home/users/zhangwenhan01/www/local/php56/include/php/main -I/home/users/zhangwenhan01/www/local/php56/include/php/TSRM -I/home/users/zhangwenhan01/www/local/php56/include/php/Zend -I/home/users/zhangwenhan01/www/local/php56/include/php/ext -I/home/users/zhangwenhan01/www/local/php56/include/php/ext/date/lib -I/home/users/zhangwenhan01/www/local/libmemcached/include  conftest.c >&5
configure:5145: $? = 0
configure:5145: result: yes
configure:5145: checking sasl/sasl.h presence
configure:5145: cc -E  conftest.c
configure:5145: $? = 0
configure:5145: result: yes
configure:5145: checking for sasl/sasl.h
configure:5145: result: yes
configure:5160: checking whether libmemcached supports sasl
configure:5183: cc -c -g -O2 -I/home/users/zhangwenhan01/www/local/php56/include/php -I/home/users/zhangwenhan01/www/local/php56/include/php/main -I/home/users/zhangwenhan01/www/local/php56/include/php/TSRM -I/home/users/zhangwenhan01/www/local/php56/include/php/Zend -I/home/users/zhangwenhan01/www/local/php56/include/php/ext -I/home/users/zhangwenhan01/www/local/php56/include/php/ext/date/lib -I/home/users/zhangwenhan01/www/local/libmemcached/include  conftest.c >&5
configure:5183: $? = 0
configure:5192: result: yes
configure:5291: checking for sasl_client_init in -lsasl2
configure:5316: cc -o conftest -g -O2 -I/home/users/zhangwenhan01/www/local/php56/include/php -I/home/users/zhangwenhan01/www/local/php56/include/php/main -I/home/users/zhangwenhan01/www/local/php56/include/php/TSRM -I/home/users/zhangwenhan01/www/local/php56/include/php/Zend -I/home/users/zhangwenhan01/www/local/php56/include/php/ext -I/home/users/zhangwenhan01/www/local/php56/include/php/ext/date/lib -I/home/users/zhangwenhan01/www/local/libmemcached/include   conftest.c -lsasl2   >&5
configure:5316: $? = 0
configure:5325: result: yes
configure:5385: checking for memcached protocol support
configure:5672: result: disabled
configure:6100: checking for ld used by cc
configure:6167: result: /usr/bin/ld
configure:6174: checking if the linker (/usr/bin/ld) is GNU ld
configure:6189: result: yes
configure:6194: checking for /usr/bin/ld option to reload object files
configure:6201: result: -r
configure:6219: checking for BSD-compatible nm
configure:6268: result: /usr/bin/nm -B
configure:6272: checking whether ln -s works
configure:6276: result: yes
configure:6283: checking how to recognize dependent libraries
configure:6469: result: pass_all
configure:6554: cc -c -g -O2  conftest.c >&5
configure:6557: $? = 0
configure:6689: checking dlfcn.h usability
configure:6689: cc -c -g -O2  conftest.c >&5
configure:6689: $? = 0
configure:6689: result: yes
configure:6689: checking dlfcn.h presence
configure:6689: cc -E  conftest.c
configure:6689: $? = 0
configure:6689: result: yes
configure:6689: checking for dlfcn.h
configure:6689: result: yes
configure:6711: checking the maximum length of command line arguments
configure:6823: result: 98304
configure:6835: checking command to parse /usr/bin/nm -B output from cc object
configure:6940: cc -c -g -O2  conftest.c >&5
configure:6943: $? = 0
configure:6947: /usr/bin/nm -B conftest.o \| sed -n -e 's/^.*[ 	]\([ABCDGIRSTW][ABCDGIRSTW]*\)[ 	][ 	]*\([_A-Za-z][_A-Za-z0-9]*\)$/\1 \2 \2/p' \> conftest.nm
configure:6950: $? = 0
configure:7002: cc -o conftest -g -O2   conftest.c conftstm.o >&5
configure:7005: $? = 0
configure:7043: result: ok
configure:7047: checking for objdir
configure:7062: result: .libs
configure:7154: checking for ar
configure:7170: found /usr/bin/ar
configure:7181: result: ar
configure:7246: checking for ranlib
configure:7262: found /usr/bin/ranlib
configure:7273: result: ranlib
configure:7338: checking for strip
configure:7354: found /usr/bin/strip
configure:7365: result: strip
configure:7934: checking if cc supports -fno-rtti -fno-exceptions
configure:7952: cc -c -g -O2  -fno-rtti -fno-exceptions conftest.c >&5
cc1: warning: command line option "-fno-rtti" is valid for C++/ObjC++ but not for C
configure:7956: $? = 0
configure:7969: result: no
configure:7984: checking for cc option to produce PIC
configure:8224: result: -fPIC
configure:8232: checking if cc PIC flag -fPIC works
configure:8250: cc -c -g -O2  -fPIC -DPIC conftest.c >&5
configure:8254: $? = 0
configure:8267: result: yes
configure:8295: checking if cc static flag -static works
configure:8323: result: yes
configure:8333: checking if cc supports -c -o file.o
configure:8354: cc -c -g -O2  -o out/conftest2.o conftest.c >&5
configure:8358: $? = 0
configure:8380: result: yes
configure:8406: checking whether the cc linker (/usr/bin/ld -m elf_x86_64) supports shared libraries
configure:9334: result: yes
configure:9355: checking whether -lc should be explicitly linked in
configure:9360: cc -c -g -O2  conftest.c >&5
configure:9363: $? = 0
configure:9378: cc -shared conftest.o  -v -Wl,-soname -Wl,conftest -o conftest 2\>\&1 \| grep  -lc  \>/dev/null 2\>\&1
configure:9381: $? = 0
configure:9393: result: no
configure:9401: checking dynamic linker characteristics
configure:9999: result: GNU/Linux ld.so
configure:10023: checking how to hardcode library paths into programs
configure:10048: result: immediate
configure:10062: checking whether stripping libraries is possible
configure:10067: result: yes
configure:10584: checking if libtool supports shared libraries
configure:10586: result: yes
configure:10589: checking whether to build shared libraries
configure:10610: result: yes
configure:10613: checking whether to build static libraries
configure:10617: result: no
configure:10712: result:
creating libtool
configure:14411: creating ./config.status

## ---------------------- ##
## Running config.status. ##
## ---------------------- ##

This file was extended by config.status, which was
generated by GNU Autoconf 2.69.  Invocation command line was

  CONFIG_FILES    = 
  CONFIG_HEADERS  = 
  CONFIG_LINKS    = 
  CONFIG_COMMANDS = 
  $ ./config.status 

on cp01-rdqa04-dev118.cp01.baidu.com

config.status:679: creating config.h
config.status:769: config.h is unchanged

## ---------------- ##
## Cache variables. ##
## ---------------- ##

ac_cv_build=x86_64-unknown-linux-gnu
ac_cv_c_compiler_gnu=yes
ac_cv_env_CC_set=
ac_cv_env_CC_value=
ac_cv_env_CFLAGS_set=
ac_cv_env_CFLAGS_value=
ac_cv_env_CPPFLAGS_set=
ac_cv_env_CPPFLAGS_value=
ac_cv_env_CPP_set=
ac_cv_env_CPP_value=
ac_cv_env_LDFLAGS_set=
ac_cv_env_LDFLAGS_value=
ac_cv_env_LIBS_set=
ac_cv_env_LIBS_value=
ac_cv_env_build_alias_set=
ac_cv_env_build_alias_value=
ac_cv_env_host_alias_set=
ac_cv_env_host_alias_value=
ac_cv_env_target_alias_set=
ac_cv_env_target_alias_value=
ac_cv_have_memc_sasl_h=yes
ac_cv_header_dlfcn_h=yes
ac_cv_header_inttypes_h=yes
ac_cv_header_memory_h=yes
ac_cv_header_sasl_sasl_h=yes
ac_cv_header_stdc=yes
ac_cv_header_stdint_h=yes
ac_cv_header_stdlib_h=yes
ac_cv_header_string_h=yes
ac_cv_header_strings_h=yes
ac_cv_header_sys_stat_h=yes
ac_cv_header_sys_types_h=yes
ac_cv_header_unistd_h=yes
ac_cv_host=x86_64-unknown-linux-gnu
ac_cv_lib_sasl2_sasl_client_init=yes
ac_cv_memc_sasl_support=yes
ac_cv_objext=o
ac_cv_path_EGREP='/bin/grep -E'
ac_cv_path_GREP=/bin/grep
ac_cv_path_PKG_CONFIG=/home/users/zhangwenhan01/.jumbo/bin/pkg-config
ac_cv_prog_AWK=gawk
ac_cv_prog_CPP='cc -E'
ac_cv_prog_ac_ct_AR=ar
ac_cv_prog_ac_ct_CC=cc
ac_cv_prog_ac_ct_RANLIB=ranlib
ac_cv_prog_ac_ct_STRIP=strip
ac_cv_prog_cc_c89=
ac_cv_prog_cc_cc_c_o=yes
ac_cv_prog_cc_g=yes
ac_cv_target=x86_64-unknown-linux-gnu
lt_cv_deplibs_check_method=pass_all
lt_cv_file_magic_cmd='$MAGIC_CMD'
lt_cv_file_magic_test_file=
lt_cv_ld_reload_flag=-r
lt_cv_objdir=.libs
lt_cv_path_LD=/usr/bin/ld
lt_cv_path_NM='/usr/bin/nm -B'
lt_cv_path_SED=/bin/sed
lt_cv_prog_compiler_c_o=yes
lt_cv_prog_compiler_pic_works=yes
lt_cv_prog_compiler_rtti_exceptions=no
lt_cv_prog_compiler_static_works=yes
lt_cv_prog_gnu_ld=yes
lt_cv_sys_global_symbol_pipe='sed -n -e '\''s/^.*[ 	]\([ABCDGIRSTW][ABCDGIRSTW]*\)[ 	][ 	]*\([_A-Za-z][_A-Za-z0-9]*\)$/\1 \2 \2/p'\'''
lt_cv_sys_global_symbol_to_c_name_address='sed -n -e '\''s/^: \([^ ]*\) $/  {\"\1\", (lt_ptr) 0},/p'\'' -e '\''s/^[BCDEGRST] \([^ ]*\) \([^ ]*\)$/  {"\2", (lt_ptr) \&\2},/p'\'''
lt_cv_sys_global_symbol_to_cdecl='sed -n -e '\''s/^. .* \(.*\)$/extern int \1;/p'\'''
lt_cv_sys_lib_dlsearch_path_spec='/lib /usr/lib /usr/lib64/infiniband /usr/lib/mysql /usr/lib/mysql /usr/X11R6/lib /usr/X11R6/lib64 '
lt_cv_sys_lib_search_path_spec='/usr/lib/gcc/x86_64-redhat-linux/3.4.5 /usr/lib64 /lib64'
lt_cv_sys_max_cmd_len=98304
lt_lt_cv_prog_compiler_c_o='"yes"'
lt_lt_cv_sys_global_symbol_pipe='"sed -n -e '\''s/^.*[ 	]\\([ABCDGIRSTW][ABCDGIRSTW]*\\)[ 	][ 	]*\\([_A-Za-z][_A-Za-z0-9]*\\)\$/\\1 \\2 \\2/p'\''"'
lt_lt_cv_sys_global_symbol_to_c_name_address='"sed -n -e '\''s/^: \\([^ ]*\\) \$/  {\\\"\\1\\\", (lt_ptr) 0},/p'\'' -e '\''s/^[BCDEGRST] \\([^ ]*\\) \\([^ ]*\\)\$/  {\"\\2\", (lt_ptr) \\&\\2},/p'\''"'
lt_lt_cv_sys_global_symbol_to_cdecl='"sed -n -e '\''s/^. .* \\(.*\\)\$/extern int \\1;/p'\''"'
php_cv_cc_dashr=no
php_cv_cc_rpath=yes

## ----------------- ##
## Output variables. ##
## ----------------- ##

AR='ar'
AWK='gawk'
CC='cc'
CFLAGS='-g -O2'
CONFIGURE_COMMAND=' '\''./configure'\''  '\''--with-php-config=/home/users/zhangwenhan01/www/local/php56/bin/php-config'\'' '\''--with-libmemcached-dir=/home/users/zhangwenhan01/www/local/libmemcached'\'' '\''--enable-memcached'\'''
CONFIGURE_OPTIONS=' '\''--with-php-config=/home/users/zhangwenhan01/www/local/php56/bin/php-config'\'' '\''--with-libmemcached-dir=/home/users/zhangwenhan01/www/local/libmemcached'\'' '\''--enable-memcached'\'''
CPP='cc -E'
CPPFLAGS=' -DHAVE_CONFIG_H'
DEFS='-DHAVE_CONFIG_H'
DSYMUTIL=''
ECHO='echo'
ECHO_C=''
ECHO_N='-n'
ECHO_T=''
EGREP='/bin/grep -E'
EXEEXT=''
GREP='/bin/grep'
LDFLAGS=''
LIBOBJS=''
LIBS=''
LIBTOOL='$(SHELL) $(top_builddir)/libtool'
LN_S='ln -s'
LTLIBOBJS=''
NMEDIT=''
OBJEXT='o'
PACKAGE_BUGREPORT=''
PACKAGE_NAME=''
PACKAGE_STRING=''
PACKAGE_TARNAME=''
PACKAGE_URL=''
PACKAGE_VERSION=''
PATH_SEPARATOR=':'
PKG_CONFIG='/home/users/zhangwenhan01/.jumbo/bin/pkg-config'
RANLIB='ranlib'
RE2C='exit 0;'
SED='/bin/sed'
SHELL='/bin/sh'
SHLIB_DL_SUFFIX_NAME='so'
SHLIB_SUFFIX_NAME='so'
STRIP='strip'
ac_ct_CC='cc'
bindir='${exec_prefix}/bin'
build='x86_64-unknown-linux-gnu'
build_alias=''
build_cpu='x86_64'
build_os='linux-gnu'
build_vendor='unknown'
datadir='${datarootdir}'
datarootdir='${prefix}/share'
docdir='${datarootdir}/doc/${PACKAGE}'
dvidir='${docdir}'
exec_prefix='$(prefix)'
host='x86_64-unknown-linux-gnu'
host_alias='x86_64-unknown-linux-gnu'
host_cpu='x86_64'
host_os='linux-gnu'
host_vendor='unknown'
htmldir='${docdir}'
includedir='${prefix}/include'
infodir='${datarootdir}/info'
libdir='${exec_prefix}/lib'
libexecdir='${exec_prefix}/libexec'
localedir='${datarootdir}/locale'
localstatedir='${prefix}/var'
mandir='${datarootdir}/man'
oldincludedir='/usr/include'
pdfdir='${docdir}'
prefix='/home/users/zhangwenhan01/www/local/php56'
program_transform_name='s,x,x,'
psdir='${docdir}'
sbindir='${exec_prefix}/sbin'
sharedstatedir='${prefix}/com'
sysconfdir='${prefix}/etc'
target='x86_64-unknown-linux-gnu'
target_alias=''
target_cpu='x86_64'
target_os='linux-gnu'
target_vendor='unknown'

## ----------- ##
## confdefs.h. ##
## ----------- ##

/* confdefs.h */
#define PACKAGE_NAME ""
#define PACKAGE_TARNAME ""
#define PACKAGE_VERSION ""
#define PACKAGE_STRING ""
#define PACKAGE_BUGREPORT ""
#define PACKAGE_URL ""
#define HAVE_MEMCACHED_SESSION 1
#define STDC_HEADERS 1
#define HAVE_SYS_TYPES_H 1
#define HAVE_SYS_STAT_H 1
#define HAVE_STDLIB_H 1
#define HAVE_STRING_H 1
#define HAVE_MEMORY_H 1
#define HAVE_STRINGS_H 1
#define HAVE_INTTYPES_H 1
#define HAVE_STDINT_H 1
#define HAVE_UNISTD_H 1
#define HAVE_SASL_SASL_H 1
#define HAVE_MEMCACHED_SASL 1
#define COMPILE_DL_MEMCACHED 1
#define HAVE_DLFCN_H 1

configure: exit 0
