This file contains any messages produced by compilers while
running configure, to aid debugging if configure makes a mistake.

It was created by configure, which was
generated by GNU Autoconf 2.69.  Invocation command line was

  $ ./configure --with-php-config=/home/users/zhangwenhan01/www/local/php56/bin/php-config

## --------- ##
## Platform. ##
## --------- ##

hostname = cp01-rdqa04-dev118.cp01.baidu.com
uname -m = x86_64
uname -r = 2.6.32_1-17-0-0
uname -s = Linux
uname -v = #1 SMP Mon Aug 24 11:14:27 CST 2015

/usr/bin/uname -p = unknown
/bin/uname -X     = unknown

/bin/arch              = x86_64
/usr/bin/arch -k       = unknown
/usr/convex/getsysinfo = unknown
/usr/bin/hostinfo      = unknown
/bin/machine           = unknown
/usr/bin/oslevel       = unknown
/bin/universe          = unknown

PATH: /home/users/zhangwenhan01/.jumbo/bin/core_perl
PATH: /home/users/zhangwenhan01/.jumbo/bin
PATH: /home/tools/tools/svn/1.6.5/64/bin
PATH: /home/tools/tools/scmtools/usr/bin
PATH: /home/tools/tools/../bin/64/
PATH: /home/tools/tools/maven/apache-maven-2.2.0/bin
PATH: /home/tools/tools/ant/apache-ant-1.6.5/bin
PATH: /home/tools/tools/ant/apache-ant-1.7.1/bin
PATH: /home/tools/tools/php/5.2.17/64/bin
PATH: /usr/kerberos/bin
PATH: /usr/local/bin
PATH: /bin
PATH: /usr/bin
PATH: /usr/X11R6/bin
PATH: /opt/bin
PATH: /home/opt/bin
PATH: /home/users/zhangwenhan01/.jumbo/bin/vendor_perl
PATH: /home/users/zhangwenhan01/system/bin


## ----------- ##
## Core tests. ##
## ----------- ##

configure:2300: checking for grep that handles long lines and -e
configure:2358: result: /bin/grep
configure:2363: checking for egrep
configure:2425: result: /bin/grep -E
configure:2430: checking for a sed that does not truncate output
configure:2484: result: /bin/sed
configure:2616: checking for cc
configure:2632: found /usr/bin/cc
configure:2643: result: cc
configure:2674: checking for C compiler version
configure:2683: cc --version >&5
cc (GCC) 3.4.5 20051201 (Red Hat 3.4.5-2)
Copyright (C) 2004 Free Software Foundation, Inc.
This is free software; see the source for copying conditions.  There is NO
warranty; not even for MERCHANTABILITY or FITNESS FOR A PARTICULAR PURPOSE.

configure:2694: $? = 0
configure:2683: cc -v >&5
Reading specs from /usr/lib/gcc/x86_64-redhat-linux/3.4.5/specs
Configured with: ../configure --prefix=/usr --mandir=/usr/share/man --infodir=/usr/share/info --enable-shared --enable-threads=posix --disable-checking --with-system-zlib --enable-__cxa_atexit --disable-libunwind-exceptions --enable-java-awt=gtk --host=x86_64-redhat-linux
Thread model: posix
gcc version 3.4.5 20051201 (Red Hat 3.4.5-2)
configure:2694: $? = 0
configure:2683: cc -V >&5
cc: `-V' option must have argument
configure:2694: $? = 1
configure:2683: cc -qversion >&5
cc: unrecognized option `-qversion'
cc: no input files
configure:2694: $? = 1
configure:2714: checking whether the C compiler works
configure:2736: cc    conftest.c  >&5
configure:2740: $? = 0
configure:2788: result: yes
configure:2791: checking for C compiler default output file name
configure:2793: result: a.out
configure:2799: checking for suffix of executables
configure:2806: cc -o conftest    conftest.c  >&5
configure:2810: $? = 0
configure:2832: result: 
configure:2854: checking whether we are cross compiling
configure:2862: cc -o conftest    conftest.c  >&5
configure:2866: $? = 0
configure:2873: ./conftest
configure:2877: $? = 0
configure:2892: result: no
configure:2897: checking for suffix of object files
configure:2919: cc -c   conftest.c >&5
configure:2923: $? = 0
configure:2944: result: o
configure:2948: checking whether we are using the GNU C compiler
configure:2967: cc -c   conftest.c >&5
configure:2967: $? = 0
configure:2976: result: yes
configure:2985: checking whether cc accepts -g
configure:3005: cc -c -g  conftest.c >&5
configure:3005: $? = 0
configure:3046: result: yes
configure:3063: checking for cc option to accept ISO C89
configure:3126: cc  -c -g -O2  conftest.c >&5
configure:3126: $? = 0
configure:3139: result: none needed
configure:3165: checking how to run the C preprocessor
configure:3196: cc -E  conftest.c
configure:3196: $? = 0
configure:3210: cc -E  conftest.c
conftest.c:9:28: ac_nonexistent.h: No such file or directory
configure:3210: $? = 1
configure: failed program was:
| /* confdefs.h */
| #define PACKAGE_NAME ""
| #define PACKAGE_TARNAME ""
| #define PACKAGE_VERSION ""
| #define PACKAGE_STRING ""
| #define PACKAGE_BUGREPORT ""
| #define PACKAGE_URL ""
| /* end confdefs.h.  */
| #include <ac_nonexistent.h>
configure:3235: result: cc -E
configure:3255: cc -E  conftest.c
configure:3255: $? = 0
configure:3269: cc -E  conftest.c
conftest.c:9:28: ac_nonexistent.h: No such file or directory
configure:3269: $? = 1
configure: failed program was:
| /* confdefs.h */
| #define PACKAGE_NAME ""
| #define PACKAGE_TARNAME ""
| #define PACKAGE_VERSION ""
| #define PACKAGE_STRING ""
| #define PACKAGE_BUGREPORT ""
| #define PACKAGE_URL ""
| /* end confdefs.h.  */
| #include <ac_nonexistent.h>
configure:3300: checking for icc
configure:3309: result: no
configure:3323: checking for suncc
configure:3332: result: no
configure:3350: checking whether cc understands -c and -o together
configure:3378: cc -c conftest.c -o conftest2.o >&5
configure:3382: $? = 0
configure:3388: cc -c conftest.c -o conftest2.o >&5
configure:3392: $? = 0
configure:3447: result: yes
configure:3461: checking for system library directory
configure:3476: result: lib
configure:3483: checking if compiler supports -R
configure:3502: cc -o conftest -g -O2   conftest.c -R /usr/lib  >&5
cc: unrecognized option `-R'
/usr/lib: file not recognized: Is a directory
collect2: ld returned 1 exit status
configure:3502: $? = 1
configure: failed program was:
| /* confdefs.h */
| #define PACKAGE_NAME ""
| #define PACKAGE_TARNAME ""
| #define PACKAGE_VERSION ""
| #define PACKAGE_STRING ""
| #define PACKAGE_BUGREPORT ""
| #define PACKAGE_URL ""
| /* end confdefs.h.  */
| 
| int
| main ()
| {
| 
|   ;
|   return 0;
| }
configure:3512: result: no
configure:3517: checking if compiler supports -Wl,-rpath,
configure:3536: cc -o conftest -g -O2   conftest.c -Wl,-rpath,/usr/lib  >&5
configure:3536: $? = 0
configure:3546: result: yes
configure:3591: checking build system type
configure:3605: result: x86_64-unknown-linux-gnu
configure:3625: checking host system type
configure:3638: result: x86_64-unknown-linux-gnu
configure:3658: checking target system type
configure:3671: result: x86_64-unknown-linux-gnu
configure:3774: checking for PHP prefix
configure:3776: result: /home/users/zhangwenhan01/www/local/php56
configure:3778: checking for PHP includes
configure:3780: result: -I/home/users/zhangwenhan01/www/local/php56/include/php -I/home/users/zhangwenhan01/www/local/php56/include/php/main -I/home/users/zhangwenhan01/www/local/php56/include/php/TSRM -I/home/users/zhangwenhan01/www/local/php56/include/php/Zend -I/home/users/zhangwenhan01/www/local/php56/include/php/ext -I/home/users/zhangwenhan01/www/local/php56/include/php/ext/date/lib
configure:3782: checking for PHP extension directory
configure:3784: result: /home/users/zhangwenhan01/www/local/php56/lib/php/extensions/no-debug-non-zts-20131226
configure:3786: checking for PHP installed headers prefix
configure:3788: result: /home/users/zhangwenhan01/www/local/php56/include/php
configure:3791: checking if debug is enabled
configure:3817: result: no
configure:3820: checking if zts is enabled
configure:3846: result: no
configure:3917: checking for re2c
configure:3947: result: no
configure:3972: WARNING: You will need re2c 0.13.4 or later if you want to regenerate PHP parsers.
configure:3986: checking for gawk
configure:4003: found /bin/gawk
configure:4014: result: gawk
configure:4057: checking whether to enable Mongo extension
configure:4096: result: yes, shared
configure:5042: checking whether byte ordering is bigendian
configure:5068: cc -o conftest -g -O2   conftest.c  >&5
configure:5068: $? = 0
configure:5068: ./conftest
configure:5068: $? = 1
configure: program exited with status 1
configure: failed program was:
| /* confdefs.h */
| #define PACKAGE_NAME ""
| #define PACKAGE_TARNAME ""
| #define PACKAGE_VERSION ""
| #define PACKAGE_STRING ""
| #define PACKAGE_BUGREPORT ""
| #define PACKAGE_URL ""
| #define HAVE_MONGO 1
| #define COMPILE_DL_MONGO 1
| /* end confdefs.h.  */
| 
| int main(void)
| {
|   short one = 1;
|   char *cp = (char *)&one;
| 
|   if (*cp == 0) {
|     return(0);
|   } else {
|     return(1);
|   }
| }
| 
configure:5079: result: no
configure:5113: checking whether to include code coverage symbols
configure:5127: result: no
configure:5285: checking Build with Cyrus SASL support
configure:5300: result: no
configure:5704: checking for ld used by cc
configure:5771: result: /usr/bin/ld
configure:5778: checking if the linker (/usr/bin/ld) is GNU ld
configure:5793: result: yes
configure:5798: checking for /usr/bin/ld option to reload object files
configure:5805: result: -r
configure:5823: checking for BSD-compatible nm
configure:5872: result: /usr/bin/nm -B
configure:5876: checking whether ln -s works
configure:5880: result: yes
configure:5887: checking how to recognize dependent libraries
configure:6073: result: pass_all
configure:6158: cc -c -g -O2  conftest.c >&5
configure:6161: $? = 0
configure:6291: checking for ANSI C header files
configure:6311: cc -c -g -O2  conftest.c >&5
configure:6311: $? = 0
configure:6384: cc -o conftest -g -O2   conftest.c  >&5
configure:6384: $? = 0
configure:6384: ./conftest
configure:6384: $? = 0
configure:6395: result: yes
configure:6408: checking for sys/types.h
configure:6408: cc -c -g -O2  conftest.c >&5
configure:6408: $? = 0
configure:6408: result: yes
configure:6408: checking for sys/stat.h
configure:6408: cc -c -g -O2  conftest.c >&5
configure:6408: $? = 0
configure:6408: result: yes
configure:6408: checking for stdlib.h
configure:6408: cc -c -g -O2  conftest.c >&5
configure:6408: $? = 0
configure:6408: result: yes
configure:6408: checking for string.h
configure:6408: cc -c -g -O2  conftest.c >&5
configure:6408: $? = 0
configure:6408: result: yes
configure:6408: checking for memory.h
configure:6408: cc -c -g -O2  conftest.c >&5
configure:6408: $? = 0
configure:6408: result: yes
configure:6408: checking for strings.h
configure:6408: cc -c -g -O2  conftest.c >&5
configure:6408: $? = 0
configure:6408: result: yes
configure:6408: checking for inttypes.h
configure:6408: cc -c -g -O2  conftest.c >&5
configure:6408: $? = 0
configure:6408: result: yes
configure:6408: checking for stdint.h
configure:6408: cc -c -g -O2  conftest.c >&5
configure:6408: $? = 0
configure:6408: result: yes
configure:6408: checking for unistd.h
configure:6408: cc -c -g -O2  conftest.c >&5
configure:6408: $? = 0
configure:6408: result: yes
configure:6422: checking dlfcn.h usability
configure:6422: cc -c -g -O2  conftest.c >&5
configure:6422: $? = 0
configure:6422: result: yes
configure:6422: checking dlfcn.h presence
configure:6422: cc -E  conftest.c
configure:6422: $? = 0
configure:6422: result: yes
configure:6422: checking for dlfcn.h
configure:6422: result: yes
configure:6444: checking the maximum length of command line arguments
configure:6556: result: 98304
configure:6568: checking command to parse /usr/bin/nm -B output from cc object
configure:6673: cc -c -g -O2  conftest.c >&5
configure:6676: $? = 0
configure:6680: /usr/bin/nm -B conftest.o \| sed -n -e 's/^.*[ 	]\([ABCDGIRSTW][ABCDGIRSTW]*\)[ 	][ 	]*\([_A-Za-z][_A-Za-z0-9]*\)$/\1 \2 \2/p' \> conftest.nm
configure:6683: $? = 0
configure:6735: cc -o conftest -g -O2   conftest.c conftstm.o >&5
configure:6738: $? = 0
configure:6776: result: ok
configure:6780: checking for objdir
configure:6795: result: .libs
configure:6887: checking for ar
configure:6903: found /usr/bin/ar
configure:6914: result: ar
configure:6979: checking for ranlib
configure:6995: found /usr/bin/ranlib
configure:7006: result: ranlib
configure:7071: checking for strip
configure:7087: found /usr/bin/strip
configure:7098: result: strip
configure:7667: checking if cc supports -fno-rtti -fno-exceptions
configure:7685: cc -c -g -O2  -fno-rtti -fno-exceptions conftest.c >&5
cc1: warning: command line option "-fno-rtti" is valid for C++/ObjC++ but not for C
configure:7689: $? = 0
configure:7702: result: no
configure:7717: checking for cc option to produce PIC
configure:7957: result: -fPIC
configure:7965: checking if cc PIC flag -fPIC works
configure:7983: cc -c -g -O2  -fPIC -DPIC conftest.c >&5
configure:7987: $? = 0
configure:8000: result: yes
configure:8028: checking if cc static flag -static works
configure:8056: result: yes
configure:8066: checking if cc supports -c -o file.o
configure:8087: cc -c -g -O2  -o out/conftest2.o conftest.c >&5
configure:8091: $? = 0
configure:8113: result: yes
configure:8139: checking whether the cc linker (/usr/bin/ld -m elf_x86_64) supports shared libraries
configure:9067: result: yes
configure:9088: checking whether -lc should be explicitly linked in
configure:9093: cc -c -g -O2  conftest.c >&5
configure:9096: $? = 0
configure:9111: cc -shared conftest.o  -v -Wl,-soname -Wl,conftest -o conftest 2\>\&1 \| grep  -lc  \>/dev/null 2\>\&1
configure:9114: $? = 0
configure:9126: result: no
configure:9134: checking dynamic linker characteristics
configure:9732: result: GNU/Linux ld.so
configure:9756: checking how to hardcode library paths into programs
configure:9781: result: immediate
configure:9795: checking whether stripping libraries is possible
configure:9800: result: yes
configure:10317: checking if libtool supports shared libraries
configure:10319: result: yes
configure:10322: checking whether to build shared libraries
configure:10343: result: yes
configure:10346: checking whether to build static libraries
configure:10350: result: no
configure:10445: result:
creating libtool
configure:14144: creating ./config.status

## ---------------------- ##
## Running config.status. ##
## ---------------------- ##

This file was extended by config.status, which was
generated by GNU Autoconf 2.69.  Invocation command line was

  CONFIG_FILES    = 
  CONFIG_HEADERS  = 
  CONFIG_LINKS    = 
  CONFIG_COMMANDS = 
  $ ./config.status 

on cp01-rdqa04-dev118.cp01.baidu.com

config.status:677: creating config.h
config.status:767: config.h is unchanged

## ---------------- ##
## Cache variables. ##
## ---------------- ##

ac_cv_build=x86_64-unknown-linux-gnu
ac_cv_c_bigendian_php=no
ac_cv_c_compiler_gnu=yes
ac_cv_env_CC_set=
ac_cv_env_CC_value=
ac_cv_env_CFLAGS_set=
ac_cv_env_CFLAGS_value=
ac_cv_env_CPPFLAGS_set=
ac_cv_env_CPPFLAGS_value=
ac_cv_env_CPP_set=
ac_cv_env_CPP_value=
ac_cv_env_LDFLAGS_set=
ac_cv_env_LDFLAGS_value=
ac_cv_env_LIBS_set=
ac_cv_env_LIBS_value=
ac_cv_env_build_alias_set=
ac_cv_env_build_alias_value=
ac_cv_env_host_alias_set=
ac_cv_env_host_alias_value=
ac_cv_env_target_alias_set=
ac_cv_env_target_alias_value=
ac_cv_header_dlfcn_h=yes
ac_cv_header_inttypes_h=yes
ac_cv_header_memory_h=yes
ac_cv_header_stdc=yes
ac_cv_header_stdint_h=yes
ac_cv_header_stdlib_h=yes
ac_cv_header_string_h=yes
ac_cv_header_strings_h=yes
ac_cv_header_sys_stat_h=yes
ac_cv_header_sys_types_h=yes
ac_cv_header_unistd_h=yes
ac_cv_host=x86_64-unknown-linux-gnu
ac_cv_objext=o
ac_cv_path_EGREP='/bin/grep -E'
ac_cv_path_GREP=/bin/grep
ac_cv_prog_AWK=gawk
ac_cv_prog_CPP='cc -E'
ac_cv_prog_ac_ct_AR=ar
ac_cv_prog_ac_ct_CC=cc
ac_cv_prog_ac_ct_RANLIB=ranlib
ac_cv_prog_ac_ct_STRIP=strip
ac_cv_prog_cc_c89=
ac_cv_prog_cc_cc_c_o=yes
ac_cv_prog_cc_g=yes
ac_cv_target=x86_64-unknown-linux-gnu
lt_cv_deplibs_check_method=pass_all
lt_cv_file_magic_cmd='$MAGIC_CMD'
lt_cv_file_magic_test_file=
lt_cv_ld_reload_flag=-r
lt_cv_objdir=.libs
lt_cv_path_LD=/usr/bin/ld
lt_cv_path_NM='/usr/bin/nm -B'
lt_cv_path_SED=/bin/sed
lt_cv_prog_compiler_c_o=yes
lt_cv_prog_compiler_pic_works=yes
lt_cv_prog_compiler_rtti_exceptions=no
lt_cv_prog_compiler_static_works=yes
lt_cv_prog_gnu_ld=yes
lt_cv_sys_global_symbol_pipe='sed -n -e '\''s/^.*[ 	]\([ABCDGIRSTW][ABCDGIRSTW]*\)[ 	][ 	]*\([_A-Za-z][_A-Za-z0-9]*\)$/\1 \2 \2/p'\'''
lt_cv_sys_global_symbol_to_c_name_address='sed -n -e '\''s/^: \([^ ]*\) $/  {\"\1\", (lt_ptr) 0},/p'\'' -e '\''s/^[BCDEGRST] \([^ ]*\) \([^ ]*\)$/  {"\2", (lt_ptr) \&\2},/p'\'''
lt_cv_sys_global_symbol_to_cdecl='sed -n -e '\''s/^. .* \(.*\)$/extern int \1;/p'\'''
lt_cv_sys_lib_dlsearch_path_spec='/lib /usr/lib /usr/lib64/infiniband /usr/lib/mysql /usr/lib/mysql /usr/X11R6/lib /usr/X11R6/lib64 '
lt_cv_sys_lib_search_path_spec='/usr/lib/gcc/x86_64-redhat-linux/3.4.5 /usr/lib64 /lib64'
lt_cv_sys_max_cmd_len=98304
lt_lt_cv_prog_compiler_c_o='"yes"'
lt_lt_cv_sys_global_symbol_pipe='"sed -n -e '\''s/^.*[ 	]\\([ABCDGIRSTW][ABCDGIRSTW]*\\)[ 	][ 	]*\\([_A-Za-z][_A-Za-z0-9]*\\)\$/\\1 \\2 \\2/p'\''"'
lt_lt_cv_sys_global_symbol_to_c_name_address='"sed -n -e '\''s/^: \\([^ ]*\\) \$/  {\\\"\\1\\\", (lt_ptr) 0},/p'\'' -e '\''s/^[BCDEGRST] \\([^ ]*\\) \\([^ ]*\\)\$/  {\"\\2\", (lt_ptr) \\&\\2},/p'\''"'
lt_lt_cv_sys_global_symbol_to_cdecl='"sed -n -e '\''s/^. .* \\(.*\\)\$/extern int \\1;/p'\''"'
php_cv_cc_dashr=no
php_cv_cc_rpath=yes

## ----------------- ##
## Output variables. ##
## ----------------- ##

AR='ar'
AWK='gawk'
CC='cc'
CFLAGS='-g -O2'
CONFIGURE_COMMAND=' '\''./configure'\''  '\''--with-php-config=/home/users/zhangwenhan01/www/local/php56/bin/php-config'\'''
CONFIGURE_OPTIONS=' '\''--with-php-config=/home/users/zhangwenhan01/www/local/php56/bin/php-config'\'''
CPP='cc -E'
CPPFLAGS=' -DHAVE_CONFIG_H'
DEFS='-DHAVE_CONFIG_H'
DSYMUTIL=''
ECHO='echo'
ECHO_C=''
ECHO_N='-n'
ECHO_T=''
EGREP='/bin/grep -E'
EXEEXT=''
GENHTML=''
GREP='/bin/grep'
LCOV=''
LDFLAGS=''
LIBOBJS=''
LIBS=''
LIBTOOL='$(SHELL) $(top_builddir)/libtool'
LN_S='ln -s'
LTLIBOBJS=''
NMEDIT=''
OBJEXT='o'
PACKAGE_BUGREPORT=''
PACKAGE_NAME=''
PACKAGE_STRING=''
PACKAGE_TARNAME=''
PACKAGE_URL=''
PACKAGE_VERSION=''
PATH_SEPARATOR=':'
RANLIB='ranlib'
RE2C='exit 0;'
SED='/bin/sed'
SHELL='/bin/sh'
SHLIB_DL_SUFFIX_NAME='so'
SHLIB_SUFFIX_NAME='so'
STRIP='strip'
ac_ct_CC='cc'
bindir='${exec_prefix}/bin'
build='x86_64-unknown-linux-gnu'
build_alias=''
build_cpu='x86_64'
build_os='linux-gnu'
build_vendor='unknown'
datadir='${datarootdir}'
datarootdir='${prefix}/share'
docdir='${datarootdir}/doc/${PACKAGE}'
dvidir='${docdir}'
exec_prefix='$(prefix)'
host='x86_64-unknown-linux-gnu'
host_alias='x86_64-unknown-linux-gnu'
host_cpu='x86_64'
host_os='linux-gnu'
host_vendor='unknown'
htmldir='${docdir}'
includedir='${prefix}/include'
infodir='${datarootdir}/info'
libdir='${exec_prefix}/lib'
libexecdir='${exec_prefix}/libexec'
localedir='${datarootdir}/locale'
localstatedir='${prefix}/var'
mandir='${datarootdir}/man'
oldincludedir='/usr/include'
pdfdir='${docdir}'
prefix='/home/users/zhangwenhan01/www/local/php56'
program_transform_name='s,x,x,'
psdir='${docdir}'
sbindir='${exec_prefix}/sbin'
sharedstatedir='${prefix}/com'
sysconfdir='${prefix}/etc'
target='x86_64-unknown-linux-gnu'
target_alias=''
target_cpu='x86_64'
target_os='linux-gnu'
target_vendor='unknown'

## ----------- ##
## confdefs.h. ##
## ----------- ##

/* confdefs.h */
#define PACKAGE_NAME ""
#define PACKAGE_TARNAME ""
#define PACKAGE_VERSION ""
#define PACKAGE_STRING ""
#define PACKAGE_BUGREPORT ""
#define PACKAGE_URL ""
#define HAVE_MONGO 1
#define COMPILE_DL_MONGO 1
#define STDC_HEADERS 1
#define HAVE_SYS_TYPES_H 1
#define HAVE_SYS_STAT_H 1
#define HAVE_STDLIB_H 1
#define HAVE_STRING_H 1
#define HAVE_MEMORY_H 1
#define HAVE_STRINGS_H 1
#define HAVE_INTTYPES_H 1
#define HAVE_STDINT_H 1
#define HAVE_UNISTD_H 1
#define HAVE_DLFCN_H 1

configure: exit 0
